<?xml version="1.0" encoding="UTF-8"?>
<testsuite xmlns:xsi="http://www.w3.org/2001/XMLSchema-instance" xsi:noNamespaceSchemaLocation="https://maven.apache.org/surefire/maven-surefire-plugin/xsd/surefire-test-report.xsd" name="TestSuite" time="9.106" tests="5" errors="0" skipped="0" failures="0">
  <properties>
    <property name="sun.desktop" value="windows"/>
    <property name="awt.toolkit" value="sun.awt.windows.WToolkit"/>
    <property name="file.encoding.pkg" value="sun.io"/>
    <property name="java.specification.version" value="1.8"/>
    <property name="sun.cpu.isalist" value="amd64"/>
    <property name="sun.jnu.encoding" value="Cp1252"/>
    <property name="java.class.path" value="C:\Users\smilja.filimonovic\work\testsgooglemaps\target\test-classes;C:\Users\smilja.filimonovic\work\testsgooglemaps\target\classes;C:\Users\smilja.filimonovic\.m2\repository\io\rest-assured\rest-assured\3.0.6\rest-assured-3.0.6.jar;C:\Users\smilja.filimonovic\.m2\repository\org\codehaus\groovy\groovy\2.4.12\groovy-2.4.12.jar;C:\Users\smilja.filimonovic\.m2\repository\org\codehaus\groovy\groovy-xml\2.4.12\groovy-xml-2.4.12.jar;C:\Users\smilja.filimonovic\.m2\repository\org\apache\httpcomponents\httpmime\4.5.1\httpmime-4.5.1.jar;C:\Users\smilja.filimonovic\.m2\repository\org\hamcrest\hamcrest-core\1.3\hamcrest-core-1.3.jar;C:\Users\smilja.filimonovic\.m2\repository\org\hamcrest\hamcrest-library\1.3\hamcrest-library-1.3.jar;C:\Users\smilja.filimonovic\.m2\repository\org\ccil\cowan\tagsoup\tagsoup\1.2.1\tagsoup-1.2.1.jar;C:\Users\smilja.filimonovic\.m2\repository\io\rest-assured\json-path\3.0.6\json-path-3.0.6.jar;C:\Users\smilja.filimonovic\.m2\repository\org\codehaus\groovy\groovy-json\2.4.12\groovy-json-2.4.12.jar;C:\Users\smilja.filimonovic\.m2\repository\io\rest-assured\rest-assured-common\3.0.6\rest-assured-common-3.0.6.jar;C:\Users\smilja.filimonovic\.m2\repository\io\rest-assured\xml-path\3.0.6\xml-path-3.0.6.jar;C:\Users\smilja.filimonovic\.m2\repository\org\apache\commons\commons-lang3\3.4\commons-lang3-3.4.jar;C:\Users\smilja.filimonovic\.m2\repository\javax\xml\bind\jaxb-api\2.2.12\jaxb-api-2.2.12.jar;C:\Users\smilja.filimonovic\.m2\repository\org\hamcrest\hamcrest-all\1.3\hamcrest-all-1.3.jar;C:\Users\smilja.filimonovic\.m2\repository\org\testng\testng\6.14.2\testng-6.14.2.jar;C:\Users\smilja.filimonovic\.m2\repository\com\beust\jcommander\1.72\jcommander-1.72.jar;C:\Users\smilja.filimonovic\.m2\repository\org\apache-extras\beanshell\bsh\2.0b6\bsh-2.0b6.jar;C:\Users\smilja.filimonovic\.m2\repository\org\apache\httpcomponents\httpclient\4.5.5\httpclient-4.5.5.jar;C:\Users\smilja.filimonovic\.m2\repository\org\apache\httpcomponents\httpcore\4.4.9\httpcore-4.4.9.jar;C:\Users\smilja.filimonovic\.m2\repository\commons-logging\commons-logging\1.2\commons-logging-1.2.jar;C:\Users\smilja.filimonovic\.m2\repository\commons-codec\commons-codec\1.10\commons-codec-1.10.jar;C:\Users\smilja.filimonovic\.m2\repository\org\apache\logging\log4j\log4j-api\2.10.0\log4j-api-2.10.0.jar;C:\Users\smilja.filimonovic\.m2\repository\org\apache\logging\log4j\log4j-core\2.10.0\log4j-core-2.10.0.jar;C:\Users\smilja.filimonovic\.m2\repository\org\apache\maven\surefire\surefire-testng-utils\2.21.0\surefire-testng-utils-2.21.0.jar;C:\Users\smilja.filimonovic\.m2\repository\org\apache\maven\surefire\surefire-grouper\2.21.0\surefire-grouper-2.21.0.jar;"/>
    <property name="java.vm.vendor" value="Oracle Corporation"/>
    <property name="sun.arch.data.model" value="64"/>
    <property name="user.variant" value=""/>
    <property name="java.vendor.url" value="http://java.oracle.com/"/>
    <property name="user.timezone" value=""/>
    <property name="java.vm.specification.version" value="1.8"/>
    <property name="os.name" value="Windows 10"/>
    <property name="user.country" value="US"/>
    <property name="sun.java.launcher" value="SUN_STANDARD"/>
    <property name="sun.boot.library.path" value="C:\Program Files\Java\jdk1.8.0_152\jre\bin"/>
    <property name="sun.java.command" value="C:\Users\SMILJA~1.FIL\AppData\Local\Temp\surefire1603360948802429274\surefirebooter9129500727473431494.jar C:\Users\smilja.filimonovic\AppData\Local\Temp\surefire1603360948802429274 2018-04-01T20-10-12_536-jvmRun1 surefire1369057573917961138tmp surefire_07031752018826951747tmp"/>
    <property name="surefire.test.class.path" value="C:\Users\smilja.filimonovic\work\testsgooglemaps\target\test-classes;C:\Users\smilja.filimonovic\work\testsgooglemaps\target\classes;C:\Users\smilja.filimonovic\.m2\repository\io\rest-assured\rest-assured\3.0.6\rest-assured-3.0.6.jar;C:\Users\smilja.filimonovic\.m2\repository\org\codehaus\groovy\groovy\2.4.12\groovy-2.4.12.jar;C:\Users\smilja.filimonovic\.m2\repository\org\codehaus\groovy\groovy-xml\2.4.12\groovy-xml-2.4.12.jar;C:\Users\smilja.filimonovic\.m2\repository\org\apache\httpcomponents\httpmime\4.5.1\httpmime-4.5.1.jar;C:\Users\smilja.filimonovic\.m2\repository\org\hamcrest\hamcrest-core\1.3\hamcrest-core-1.3.jar;C:\Users\smilja.filimonovic\.m2\repository\org\hamcrest\hamcrest-library\1.3\hamcrest-library-1.3.jar;C:\Users\smilja.filimonovic\.m2\repository\org\ccil\cowan\tagsoup\tagsoup\1.2.1\tagsoup-1.2.1.jar;C:\Users\smilja.filimonovic\.m2\repository\io\rest-assured\json-path\3.0.6\json-path-3.0.6.jar;C:\Users\smilja.filimonovic\.m2\repository\org\codehaus\groovy\groovy-json\2.4.12\groovy-json-2.4.12.jar;C:\Users\smilja.filimonovic\.m2\repository\io\rest-assured\rest-assured-common\3.0.6\rest-assured-common-3.0.6.jar;C:\Users\smilja.filimonovic\.m2\repository\io\rest-assured\xml-path\3.0.6\xml-path-3.0.6.jar;C:\Users\smilja.filimonovic\.m2\repository\org\apache\commons\commons-lang3\3.4\commons-lang3-3.4.jar;C:\Users\smilja.filimonovic\.m2\repository\javax\xml\bind\jaxb-api\2.2.12\jaxb-api-2.2.12.jar;C:\Users\smilja.filimonovic\.m2\repository\org\hamcrest\hamcrest-all\1.3\hamcrest-all-1.3.jar;C:\Users\smilja.filimonovic\.m2\repository\org\testng\testng\6.14.2\testng-6.14.2.jar;C:\Users\smilja.filimonovic\.m2\repository\com\beust\jcommander\1.72\jcommander-1.72.jar;C:\Users\smilja.filimonovic\.m2\repository\org\apache-extras\beanshell\bsh\2.0b6\bsh-2.0b6.jar;C:\Users\smilja.filimonovic\.m2\repository\org\apache\httpcomponents\httpclient\4.5.5\httpclient-4.5.5.jar;C:\Users\smilja.filimonovic\.m2\repository\org\apache\httpcomponents\httpcore\4.4.9\httpcore-4.4.9.jar;C:\Users\smilja.filimonovic\.m2\repository\commons-logging\commons-logging\1.2\commons-logging-1.2.jar;C:\Users\smilja.filimonovic\.m2\repository\commons-codec\commons-codec\1.10\commons-codec-1.10.jar;C:\Users\smilja.filimonovic\.m2\repository\org\apache\logging\log4j\log4j-api\2.10.0\log4j-api-2.10.0.jar;C:\Users\smilja.filimonovic\.m2\repository\org\apache\logging\log4j\log4j-core\2.10.0\log4j-core-2.10.0.jar;C:\Users\smilja.filimonovic\.m2\repository\org\apache\maven\surefire\surefire-testng-utils\2.21.0\surefire-testng-utils-2.21.0.jar;C:\Users\smilja.filimonovic\.m2\repository\org\apache\maven\surefire\surefire-grouper\2.21.0\surefire-grouper-2.21.0.jar;"/>
    <property name="sun.cpu.endian" value="little"/>
    <property name="user.home" value="C:\Users\smilja.filimonovic"/>
    <property name="user.language" value="en"/>
    <property name="java.specification.vendor" value="Oracle Corporation"/>
    <property name="java.home" value="C:\Program Files\Java\jdk1.8.0_152\jre"/>
    <property name="basedir" value="C:\Users\smilja.filimonovic\work\testsgooglemaps"/>
    <property name="file.separator" value="\"/>
    <property name="line.separator" value="&#10;"/>
    <property name="java.vm.specification.vendor" value="Oracle Corporation"/>
    <property name="java.specification.name" value="Java Platform API Specification"/>
    <property name="java.awt.graphicsenv" value="sun.awt.Win32GraphicsEnvironment"/>
    <property name="surefire.real.class.path" value="C:\Users\SMILJA~1.FIL\AppData\Local\Temp\surefire1603360948802429274\surefirebooter9129500727473431494.jar"/>
    <property name="sun.boot.class.path" value="C:\Program Files\Java\jdk1.8.0_152\jre\lib\resources.jar;C:\Program Files\Java\jdk1.8.0_152\jre\lib\rt.jar;C:\Program Files\Java\jdk1.8.0_152\jre\lib\sunrsasign.jar;C:\Program Files\Java\jdk1.8.0_152\jre\lib\jsse.jar;C:\Program Files\Java\jdk1.8.0_152\jre\lib\jce.jar;C:\Program Files\Java\jdk1.8.0_152\jre\lib\charsets.jar;C:\Program Files\Java\jdk1.8.0_152\jre\lib\jfr.jar;C:\Program Files\Java\jdk1.8.0_152\jre\classes"/>
    <property name="user.script" value=""/>
    <property name="sun.management.compiler" value="HotSpot 64-Bit Tiered Compilers"/>
    <property name="java.runtime.version" value="1.8.0_152-b16"/>
    <property name="user.name" value="smilja.filimonovic"/>
    <property name="path.separator" value=";"/>
    <property name="os.version" value="10.0"/>
    <property name="java.endorsed.dirs" value="C:\Program Files\Java\jdk1.8.0_152\jre\lib\endorsed"/>
    <property name="java.runtime.name" value="Java(TM) SE Runtime Environment"/>
    <property name="file.encoding" value="Cp1252"/>
    <property name="java.vm.name" value="Java HotSpot(TM) 64-Bit Server VM"/>
    <property name="localRepository" value="C:\Users\smilja.filimonovic\.m2\repository"/>
    <property name="java.vendor.url.bug" value="http://bugreport.sun.com/bugreport/"/>
    <property name="java.io.tmpdir" value="C:\Users\SMILJA~1.FIL\AppData\Local\Temp\"/>
    <property name="java.version" value="1.8.0_152"/>
    <property name="user.dir" value="C:\Users\smilja.filimonovic\work\testsgooglemaps"/>
    <property name="os.arch" value="amd64"/>
    <property name="java.vm.specification.name" value="Java Virtual Machine Specification"/>
    <property name="java.awt.printerjob" value="sun.awt.windows.WPrinterJob"/>
    <property name="sun.os.patch.level" value=""/>
    <property name="java.library.path" value="C:\Program Files\Java\jdk1.8.0_152\jre\bin;C:\WINDOWS\Sun\Java\bin;C:\WINDOWS\system32;C:\WINDOWS;C:\tools\ruby24\bin;C:\ProgramData\Oracle\Java\javapath;C:\WINDOWS\system32;C:\WINDOWS;C:\WINDOWS\System32\Wbem;C:\WINDOWS\System32\WindowsPowerShell\v1.0\;C:\Program Files\OpenVPN\bin;C:\ProgramData\chocolatey\bin;C:\Program Files\Java\jdk1.8.0_152\bin;C:\Program Files\Git\cmd;C:\Program Files\PuTTY\;C:\HashiCorp\Vagrant\bin;C:\Python27;C:\Users\smilja.filimonovic\Documents\Selenium\apache-maven-3.5.2\bin;C:\Program Files (x86)\Skype\Phone\;C:\Users\smilja.filimonovic\eclipse-workspace\gecko;C:\Users\smilja.filimonovic\repos\self-service-gateway\service\target\classes\application.properties;C:\Users\smilja.filimonovic\AppData\Local\Microsoft\WindowsApps;C:\Program Files\Oracle\VirtualBox;C:\Program Files\Docker Toolbox;C:\Program Files (x86)\GnuWin32\bin;;."/>
    <property name="java.vm.info" value="mixed mode"/>
    <property name="java.vendor" value="Oracle Corporation"/>
    <property name="java.vm.version" value="25.152-b16"/>
    <property name="java.ext.dirs" value="C:\Program Files\Java\jdk1.8.0_152\jre\lib\ext;C:\WINDOWS\Sun\Java\lib\ext"/>
    <property name="sun.io.unicode.encoding" value="UnicodeLittle"/>
    <property name="java.class.version" value="52.0"/>
  </properties>
  <testcase name="AddAndDeleteplace" classname="com.testing.api.AddDeletePlaceTest" time="4.314"/>
  <testcase name="testGetGooglePlacesMissingParam" classname="com.testing.api.SearchPlaceTest" time="0.69"/>
  <testcase name="testGetGooglePlacesNotFound" classname="com.testing.api.SearchPlaceTest" time="0.942"/>
  <testcase name="testGetGooglePlacesValid" classname="com.testing.api.SearchPlaceTest" time="1.112"/>
  <testcase name="testStaticMapMissingParameters" classname="com.testing.api.SearchPlaceTest" time="0.702"/>
</testsuite>