<?xml version="1.0" encoding="UTF-8"?>
<!-- Generated by org.testng.reporters.JUnitReportReporter -->
<testsuite skipped="0" hostname="EN510075" name="com.testing.api.AddDeletePlaceTest" tests="1" failures="0" timestamp="01 Apr 2018 18:10:22 GMT" time="4.311" errors="0">
  <testcase name="AddAndDeleteplace" time="4.311" classname="com.testing.api.AddDeletePlaceTest"/>
</testsuite> <!-- com.testing.api.AddDeletePlaceTest -->
