<?xml version="1.0" encoding="UTF-8"?>
<!-- Generated by org.testng.reporters.JUnitReportReporter -->
<testsuite skipped="0" hostname="EN510075" name="com.testing.api.SearchPlaceTest" tests="4" failures="0" timestamp="01 Apr 2018 18:10:22 GMT" time="3.445" errors="0">
  <testcase name="testGetGooglePlacesNotFound" time="0.941" classname="com.testing.api.SearchPlaceTest"/>
  <testcase name="testGetGooglePlacesValid" time="1.112" classname="com.testing.api.SearchPlaceTest"/>
  <testcase name="testStaticMapMissingParameters" time="0.702" classname="com.testing.api.SearchPlaceTest"/>
  <testcase name="testGetGooglePlacesMissingParam" time="0.690" classname="com.testing.api.SearchPlaceTest"/>
</testsuite> <!-- com.testing.api.SearchPlaceTest -->
